<?xml version="1.0" encoding="UTF-8"?>
<!-- Generated by org.testng.reporters.JUnitReportReporter -->
<testsuite skipped="0" hostname="Priyanka-PC" name="com.testpractice.test2" tests="4" failures="0" timestamp="04 Apr 2020 13:39:42 GMT" time="35.884" errors="0">
  <testcase name="tc_001" time="9.304" classname="com.testpractice.test2"/>
  <testcase name="tc_011" time="7.643" classname="com.testpractice.test2"/>
  <testcase name="tc_010" time="2.369" classname="com.testpractice.test2"/>
  <testcase name="tc_002" time="16.568" classname="com.testpractice.test2"/>
</testsuite> <!-- com.testpractice.test2 -->
