<?xml version="1.0" encoding="UTF-8"?>
<!-- Generated by org.testng.reporters.JUnitReportReporter -->
<testsuite skipped="1" hostname="LAPTOP-PATGFM90" name="com.keywords.utilties.Readxlsxfile" tests="1" failures="0" timestamp="19 Apr 2020 14:22:38 GMT" time="0.000" errors="0">
  <testcase name="verifyLogin" time="0.000" classname="com.keywords.utilties.Readxlsxfile">
    <skipped/>
  </testcase> <!-- verifyLogin -->
</testsuite> <!-- com.keywords.utilties.Readxlsxfile -->
